110
1
月見大阪燒珍珠堡(原味)
img:  https://www.mos.com.tw/upload/product/20250828_155416_076.jpg
cal: 熱量 484.7 Kcal

2
月見大阪燒珍珠堡(山葵)
img:  https://www.mos.com.tw/upload/product/20250828_155025_050.jpg
cal: 熱量 468.8 Kcal

3
月見培根和牛堡
img:  https://www.mos.com.tw/upload/product/20250828_154553_055.jpg
cal: 熱量 673.1 Kcal

4
摘鮮綠元氣牛肉堡
img:  https://www.mos.com.tw/upload/product/20250327_120953_092.jpg
cal: 熱量 396.1 Kcal

5
摘鮮綠元氣摩力堡
img:  https://www.mos.com.tw/upload/product/20230629_171848_075.jpg
cal: 熱量 203.1 Kcal

6
摘鮮綠摩斯炸蝦堡
img:  https://www.mos.com.tw/upload/product/20231005_200811_042.jpg
cal: 熱量 208.0 Kcal

7
摘鮮綠烤雞起司堡
img:  https://www.mos.com.tw/upload/product/20220707_101558_015.jpg
cal: 熱量 280.9 Kcal

8
超級大麥元氣摩力珍珠堡
img:  https://www.mos.com.tw/upload/product/20230908_100643_051.jpg
cal: 熱量 449.1 Kcal

9
元氣摩力珍珠堡
img:  https://www.mos.com.tw/upload/product/20230908_100839_061.jpg
cal: 熱量 449.1 Kcal

10
超級大麥元氣牛肉珍珠堡
img:  https://www.mos.com.tw/upload/product/20220308_090547_024.jpg
cal: 熱量 627.3 Kcal

11
元氣牛肉珍珠堡
img:  https://www.mos.com.tw/upload/product/20230614_090246_094.jpg
cal: 熱量 657.4 Kcal

12
超級大麥燒肉珍珠堡
img:  https://www.mos.com.tw/upload/product/20220308_091314_093.jpg
cal: 熱量 436.3 Kcal

13
燒肉珍珠堡(牛)
img:  https://www.mos.com.tw/upload/product/20230614_092120_031.jpg
cal: 熱量 474.4 Kcal

14
超級大麥薑燒珍珠堡
img:  https://www.mos.com.tw/upload/product/20220308_091102_025.jpg
cal: 熱量 341.6 Kcal

15
薑燒珍珠堡
img:  https://www.mos.com.tw/upload/product/20230614_094214_041.jpg
cal: 熱量 371.5 Kcal

16
超級大麥海洋珍珠堡
img:  https://www.mos.com.tw/upload/product/20230724_105733_099.jpg
cal: 熱量 373.5 Kcal

17
海洋珍珠堡
img:  https://www.mos.com.tw/upload/product/20230724_105651_086.jpg
cal: 熱量 403.5 Kcal

18
超級大麥杏鮑菇珍珠堡
img:  https://www.mos.com.tw/upload/product/20220308_090242_066.jpg
cal: 熱量 318 Kcal

19
杏鮑菇珍珠堡
img:  https://www.mos.com.tw/upload/product/20230614_094448_022.jpg
cal: 熱量 348.1 Kcal

20
摩斯炸蝦堡
img:  https://www.mos.com.tw/upload/product/20231005_200750_001.jpg
cal: 熱量 353.0 Kcal

21
和風蔬活牛肉堡
img:  https://www.mos.com.tw/upload/product/20230419_164440_083.jpg
cal: 熱量 501.7 Kcal

22
輕檸雙牛堡(牛)
img:  https://www.mos.com.tw/upload/product/20170308_155423_004.jpg
cal: 熱量 577.5 Kcal

23
摩斯漢堡(原味/辣味)(牛)
img:  https://www.mos.com.tw/upload/product/20170119_114810_042.jpg
cal: 熱量 433.9 Kcal

24
摩斯吉士漢堡(原味/辣味)(牛)
img:  https://www.mos.com.tw/upload/product/20170119_114450_060.jpg
cal: 熱量 478.9 Kcal

25
蜜汁烤雞堡
img:  https://www.mos.com.tw/upload/product/20170119_115019_017.jpg
cal: 熱量 383.4 Kcal

26
蜜汁烤雞起司堡
img:  https://www.mos.com.tw/upload/product/20170531_152225_015.jpg
cal: 熱量 428.3 Kcal

27
摩斯鱈魚堡
img:  https://www.mos.com.tw/upload/product/20160224_150043_053.jpg
cal: 熱量 508 Kcal

28
摩斯熱狗堡
img:  https://www.mos.com.tw/upload/product/20160203_164219_072.jpg
cal: 熱量 278.4 Kcal

29
辣味吉利熱狗堡
img:  https://www.mos.com.tw/upload/product/20160203_164423_082.jpg
cal: 熱量 287.4 Kcal

98
30
玉子珍珠堡
img:  https://www.mos.com.tw/upload/product/20250826_100556_042.jpg
cal: 熱量 362.7 Kcal

31
摩斯貝果(附草莓醬)
img:  https://www.mos.com.tw/upload/product/20250416_171732_081.jpg
cal: 熱量 247 Kcal

32
超級大麥海洋珍珠堡
img:  https://www.mos.com.tw/upload/product/20230724_112410_005.jpg
cal: 熱量 373.5 Kcal

33
海洋珍珠堡
img:  https://www.mos.com.tw/upload/product/20230724_112335_068.jpg
cal: 熱量 403.5 Kcal

34
超級大麥杏鮑菇珍珠堡
img:  https://www.mos.com.tw/upload/product/20220316_115720_037.jpg
cal: 熱量 318 Kcal

35
杏鮑菇珍珠堡
img:  https://www.mos.com.tw/upload/product/20230614_100431_051.jpg
cal: 熱量 348.1 Kcal

36
新咕咕雞堡
img:  https://www.mos.com.tw/upload/product/20250212_140024_010.jpg
cal: 熱量 376.6 Kcal

37
摩斯豬排堡
img:  https://www.mos.com.tw/upload/product/20231103_130417_042.jpg
cal: 熱量 336.2 Kcal

38
摩斯炸蝦堡
img:  https://www.mos.com.tw/upload/product/20231005_200834_007.jpg
cal: 熱量 353.0 Kcal

39
黃金塔塔鱈魚堡
img:  https://www.mos.com.tw/upload/product/20160203_173503_009.jpg
cal: 熱量 361.8 Kcal

40
元氣牛肉蛋堡
img:  https://www.mos.com.tw/upload/product/20220804_103800_073.jpg
cal: 熱量 471.5 Kcal

41
培根雞蛋布里歐堡
img:  https://www.mos.com.tw/upload/product/20230519_140851_019.jpg
cal: 熱量 473.6 Kcal

42
培根雞蛋堡
img:  https://www.mos.com.tw/upload/product/20160203_173547_092.jpg
cal: 熱量 410.7 Kcal

43
蕃茄吉士蛋布里歐堡
img:  https://www.mos.com.tw/upload/product/20230519_135100_080.jpg
cal: 熱量 338.8 Kcal

44
蕃茄吉士蛋堡
img:  https://www.mos.com.tw/upload/product/20160203_173743_050.jpg
cal: 熱量 287.9 Kcal

45
火腿歐姆蛋布里歐堡
img:  https://www.mos.com.tw/upload/product/20230519_140101_033.jpg
cal: 熱量 372.0 Kcal

46
火腿歐姆蛋堡
img:  https://www.mos.com.tw/upload/product/20160203_173636_067.jpg
cal: 熱量 309.6 Kcal

47
摩斯熱狗堡
img:  https://www.mos.com.tw/upload/product/20160203_175213_070.jpg
cal: 熱量 278.4 Kcal

48
薯泥三明治(亞麻玄米吐司)
img:  https://www.mos.com.tw/upload/product/20250617_090839_094.jpg
cal: 熱量 337.4 Kcal

49
鱈魚三明治(亞麻玄米吐司)
img:  https://www.mos.com.tw/upload/product/20250428_115006_080.jpg
cal: 熱量 342.7 Kcal

50
日式豬排三明治(亞麻玄米吐司)
img:  https://www.mos.com.tw/upload/product/20250704_003012_013.jpg
cal: 熱量 280.8 Kcal

51
日式豬排三明治
img:  https://www.mos.com.tw/upload/product/20160203_175728_063.jpg
cal: 熱量 303 Kcal

52
火腿蛋三明治(亞麻玄米吐司)
img:  https://www.mos.com.tw/upload/product/20250704_002210_074.jpg
cal: 熱量 420.2 Kcal

53
火腿蛋三明治
img:  https://www.mos.com.tw/upload/product/20171019_153932_044.jpg
cal: 熱量 423 Kcal

54
雞肉三明治(亞麻玄米吐司)
img:  https://www.mos.com.tw/upload/product/20250704_002722_051.jpg
cal: 熱量 365.6 Kcal

55
雞肉三明治
img:  https://www.mos.com.tw/upload/product/20160203_175446_097.jpg
cal: 熱量 355 Kcal

56
黃金蝦三明治(亞麻玄米吐司)
img:  https://www.mos.com.tw/upload/product/20250704_003212_047.jpg
cal: 熱量 295.6 Kcal

57
黃金炸蝦三明治(塔塔醬)
img:  https://www.mos.com.tw/upload/product/20230411_184119_011.jpg
cal: 熱量 331.6 Kcal

56
58
干貝白醬可樂餅(1個)
img:  https://www.mos.com.tw/upload/product/20241018_090012_075.jpg
cal: 熱量 209.9 Kcal

59
MOS熱狗
img:  https://www.mos.com.tw/upload/product/20250722_133846_086.jpg
cal: 熱量 195 Kcal

60
泰式雞肉總匯沙拉
img:  https://www.mos.com.tw/upload/product/20250623_054725_098.jpg
cal: 熱量 83.8 Kcal

61
圈圈蝦餅(1個)
img:  https://www.mos.com.tw/upload/product/20250623_054358_011.jpg
cal: 熱量 175.9 Kcal

62
辣味摩斯肉醬薯條
img:  https://www.mos.com.tw/upload/product/20250427_155259_041.jpg
cal: 熱量 432.4 Kcal

63
原味摩斯肉醬薯條
img:  https://www.mos.com.tw/upload/product/20250826_091508_007.jpg
cal: 熱量 430.2 Kcal

64
分享點心盒
img:  https://www.mos.com.tw/upload/product/20240619_091615_071.jpg
cal: 0

65
單人點心組
img:  https://www.mos.com.tw/upload/product/20240619_091652_012.jpg
cal: 0

66
雞塊地瓜組
img:  https://www.mos.com.tw/upload/product/20240916_163257_038.jpg
cal: 熱量 403.8 Kcal

67
蝴蝶蝦薯餅組
img:  https://www.mos.com.tw/upload/product/20160703_192837_079.jpg
cal: 熱量 213.2 Kcal

68
黃金地瓜薯條
img:  https://www.mos.com.tw/upload/product/20220118_120432_028.jpg
cal: 熱量 517.6 Kcal

69
辣味和風雞腿塊
img:  https://www.mos.com.tw/upload/product/20230804_134924_057.jpg
cal: 熱量 275.8 Kcal

70
摩斯雞塊(4塊)
img:  https://www.mos.com.tw/upload/product/20250613_145030_089.jpg
cal: 熱量 193.1 Kcal

71
和風炸雞
img:  https://www.mos.com.tw/upload/product/20220318_085134_038.jpg
cal: 熱量 563.6 Kcal

72
摩斯雞塊(6塊)
img:  https://www.mos.com.tw/upload/product/20220104_174820_016.jpg
cal: 熱量 289.7 Kcal

73
薯條
img:  https://www.mos.com.tw/upload/product/20230430_213603_022.jpg
cal: 熱量 455.6 Kcal

74
方塊薯餅(3個)
img:  https://www.mos.com.tw/upload/product/20160218_174019_044.jpg
cal: 熱量 227.2 Kcal

75
北海道可樂餅
img:  https://www.mos.com.tw/upload/product/20160204_143344_049.jpg
cal: 熱量 176 Kcal

76
夏威夷元氣鮮蔬沙拉
img:  https://www.mos.com.tw/upload/product/20230510_104255_096.jpg
cal: 熱量 109.2 Kcal

77
雞肉地瓜總匯沙拉
img:  https://www.mos.com.tw/upload/product/20230721_144049_090.jpg
cal: 熱量 139.3 Kcal

59
78
泰Thai珍珠奶茶(冰)(L)
img:  https://www.mos.com.tw/upload/product/20250623_055824_070.jpg
cal: 熱量 300.8 Kcal

79
冰橙咖啡(M)
img:  https://www.mos.com.tw/upload/product/20250420_202333_043.jpg
cal: 熱量 110.6 Kcal

80
耶加雪菲(冰)(M)
img:  https://www.mos.com.tw/upload/product/20241001_091746_020.jpg
cal: 熱量 4.3 Kcal

81
耶加雪菲(熱)(M)
img:  https://www.mos.com.tw/upload/product/20241001_091316_026.jpg
cal: 熱量 9.1 Kcal

82
摩斯咖啡(冰)(M)
img:  https://www.mos.com.tw/upload/product/20230804_134602_067.jpg
cal: 熱量 5.1 Kcal

83
摩斯咖啡(熱)(M)
img:  https://www.mos.com.tw/upload/product/20210729_010415_024.jpg
cal: 熱量 10.4 Kcal

84
摩斯咖啡(冰)(L)
img:  https://www.mos.com.tw/upload/product/20230804_134549_042.jpg
cal: 熱量 5.8 Kcal

85
摩斯咖啡(熱)(L)
img:  https://www.mos.com.tw/upload/product/20210729_014626_018.jpg
cal: 熱量 13.4 Kcal

86
拿鐵咖啡(冰)(M)
img:  https://www.mos.com.tw/upload/product/20230804_134535_005.jpg
cal: 熱量 120.6 Kcal

87
拿鐵咖啡(熱)(M)
img:  https://www.mos.com.tw/upload/product/20210729_020340_022.jpg
cal: 熱量 128.5 Kcal

88
拿鐵咖啡(冰)(L)
img:  https://www.mos.com.tw/upload/product/20230804_134448_036.jpg
cal: 熱量 134.8 Kcal

89
拿鐵咖啡(熱)(L)
img:  https://www.mos.com.tw/upload/product/20210729_022851_015.jpg
cal: 熱量 162.5 Kcal

90
卡布奇諾(熱)(M)
img:  https://www.mos.com.tw/upload/product/20210729_021747_049.jpg
cal: 熱量 124.1 Kcal

91
卡布奇諾(熱)(L)
img:  https://www.mos.com.tw/upload/product/20210729_023533_005.jpg
cal: 熱量 144.6 Kcal

92
摩斯經典奶茶(冰)(L)
img:  https://www.mos.com.tw/upload/product/20230804_134718_035.jpg
cal: 熱量 176 Kcal

93
摩斯特調紅茶歐蕾(冰)(L)
img:  https://www.mos.com.tw/upload/product/20230804_134708_099.jpg
cal: 熱量 133 Kcal

94
摩斯奶茶(熱)(M)
img:  https://www.mos.com.tw/upload/product/20210729_095938_019.jpg
cal: 熱量 172.2 Kcal

107
95
微酵白桃蒟蒻冰茶
img:  https://www.mos.com.tw/upload/product/20250722_002123_035.jpg
cal: 熱量 277.4 Kcal

96
微酵青梅蒟蒻冰茶
img:  https://www.mos.com.tw/upload/product/20250722_001821_028.jpg
cal: 熱量 271.2 Kcal

97
香吉士蒟蒻冰茶
img:  https://www.mos.com.tw/upload/product/20250420_205406_058.jpg
cal: 熱量 284.7 Kcal

98
哈密瓜蒟蒻冰茶
img:  https://www.mos.com.tw/upload/product/20250420_204014_005.jpg
cal: 熱量 280.7 Kcal

99
草莓蒟蒻冰茶
img:  https://www.mos.com.tw/upload/product/20250212_142445_072.jpg
cal: 熱量 217.7 Kcal

100
摩斯蒟蒻冰紅茶
img:  https://www.mos.com.tw/upload/product/20230217_165644_081.jpg
cal: 熱量 201.8 Kcal

101
香吉士蘇打
img:  https://www.mos.com.tw/upload/product/20250420_204646_094.jpg
cal: 熱量 357.9 Kcal

102
哈密瓜蘇打
img:  https://www.mos.com.tw/upload/product/20250420_203718_065.jpg
cal: 熱量 353.9 Kcal

103
柚子冰茶
img:  https://www.mos.com.tw/upload/product/20230530_093148_042.jpg
cal: 熱量 319.8 Kcal

104
摩斯抹茶歐蕾(冰)
img:  https://www.mos.com.tw/upload/product/20230529_145659_074.jpg
cal: 熱量 224.1 Kcal

105
冰紅茶(L)
img:  https://www.mos.com.tw/upload/product/20180601_170540_050.jpg
cal: 熱量 154 Kcal

106
冰紅茶(無糖)(L)
img:  https://www.mos.com.tw/upload/product/20231025_083751_037.jpg
cal: 熱量 4.7 Kcal

107
冰紅茶(M)
img:  https://www.mos.com.tw/upload/product/20180605_155507_011.jpg
cal: 熱量 111 Kcal

108
冰紅茶(無糖)(M)
img:  https://www.mos.com.tw/upload/product/20210120_155246_099.jpg
cal: 熱量 3.4 Kcal

109
100%台灣冰綠茶(無糖)
img:  https://www.mos.com.tw/upload/product/20180628_121730_037.jpg
cal: 熱量 0 Kcal

110
可樂
img:  https://www.mos.com.tw/upload/product/20160204_153127_009.jpg
cal: 熱量 251 Kcal

111
雪碧
img:  https://www.mos.com.tw/upload/product/20160204_153214_044.jpg
cal: 熱量 265 Kcal

112
摩斯熱可可
img:  https://www.mos.com.tw/upload/product/20180629_105041_068.jpg
cal: 熱量 272 Kcal

113
摩斯抹茶歐蕾(熱)
img:  https://www.mos.com.tw/upload/product/20230529_145348_058.jpg
cal: 熱量 224.1 Kcal

114
紫蘇國寶茶
img:  https://www.mos.com.tw/upload/product/20250925_155642_050.jpg
cal: 熱量 0 Kcal

115
柚子熱茶
img:  https://www.mos.com.tw/upload/product/20160617_115356_062.jpg
cal: 熱量 119 Kcal

116
摩斯玄米煎茶
img:  https://www.mos.com.tw/upload/product/20190510_135718_011.jpg
cal: 熱量 0 Kcal

117
摩斯熱紅茶
img:  https://www.mos.com.tw/upload/product/20180629_103800_051.jpg
cal: 熱量 1.6 Kcal

118
和風豚汁蔬菜湯
img:  https://www.mos.com.tw/upload/product/20250922_192741_064.jpg
cal: 熱量 92.6 Kcal

119
玉米濃湯
img:  https://www.mos.com.tw/upload/product/20231011_161656_083.jpg
cal: 熱量 152.9 Kcal

120
鮮菇濃湯
img:  https://www.mos.com.tw/upload/product/20231011_161719_017.jpg
cal: 熱量 106.8 Kcal

121
100%新鮮柳丁汁
img:  https://www.mos.com.tw/upload/product/20240308_074819_019.jpg
cal: 熱量 170.1 Kcal

122
摩斯蘋果汁
img:  https://www.mos.com.tw/upload/product/20160615_171431_009.jpg
cal: 熱量 102 Kcal

123
摩斯豆奶(無加糖)
img:  https://www.mos.com.tw/upload/product/20230823_181521_019.jpg
cal: 熱量 88 Kcal

124
摩斯豆奶(微糖)
img:  https://www.mos.com.tw/upload/product/20230823_181501_011.jpg
cal: 熱量 104.0 Kcal

125
摩斯鮮乳
img:  https://www.mos.com.tw/upload/product/20160615_160610_047.jpg
cal: 熱量 128.8 Kcal

126
摩斯天然水
img:  https://www.mos.com.tw/upload/product/20160218_175159_002.jpg
cal: 熱量 0 Kcal

127
摩斯天然水
img:  https://www.mos.com.tw/upload/product/20160218_175303_026.jpg
cal: 熱量 0 Kcal

14
128
芭樂檸檬蒟蒻
img:  https://www.mos.com.tw/upload/product/20250826_093723_099.jpg
cal: 熱量 99.6 Kcal

129
葡萄蒟蒻
img:  https://www.mos.com.tw/upload/product/20160204_150159_089.jpg
cal: 熱量 110 Kcal

130
蜂蜜檸檬蒟蒻
img:  https://www.mos.com.tw/upload/product/20160204_150013_030.jpg
cal: 熱量 94.2 Kcal

131
巧克力米派(1個)
img:  https://www.mos.com.tw/upload/product/20240901_102717_094.jpg
cal: 熱量 237.8 Kcal

132
抹茶紅豆米派(1個)
img:  https://www.mos.com.tw/upload/product/20191031_230101_094.jpg
cal: 熱量 191.2 Kcal

133
焦糖布丁
img:  https://www.mos.com.tw/upload/product/20241001_110001_089.jpg
cal: 熱量 180 Kcal

134
MOS巴斯克乳酪蛋糕
img:  https://www.mos.com.tw/upload/product/20220531_085635_045.jpg
cal: 熱量 347 Kcal

✅成功抓到完整圖片
✅成功抓到完整圖片
✅成功抓到完整圖片
✅成功抓到完整圖片
✅成功抓到完整圖片
✅成功抓到完整圖片
✅成功抓到完整圖片
✅成功抓到完整圖片
✅成功抓到完整圖片
✅成功抓到完整圖片
✅成功抓到完整圖片
✅成功抓到完整圖片
✅成功抓到完整圖片
✅成功抓到完整圖片
✅成功抓到完整圖片
✅成功抓到完整圖片
✅成功抓到完整圖片
✅成功抓到完整圖片
✅成功抓到完整圖片
✅成功抓到完整圖片
✅成功抓到完整圖片
✅成功抓到完整圖片
✅成功抓到完整圖片
✅成功抓到完整圖片
✅成功抓到完整圖片
✅成功抓到完整圖片
✅成功抓到完整圖片
✅成功抓到完整圖片
✅成功抓到完整圖片
✅成功抓到完整圖片
✅成功抓到完整圖片
✅成功抓到完整圖片
✅成功抓到完整圖片
✅成功抓到完整圖片
✅成功抓到完整圖片
✅成功抓到完整圖片
✅成功抓到完整圖片
✅成功抓到完整圖片
✅成功抓到完整圖片
✅成功抓到完整圖片
✅成功抓到完整圖片
✅成功抓到完整圖片
✅成功抓到完整圖片
✅成功抓到完整圖片
✅成功抓到完整圖片
✅成功抓到完整圖片
✅成功抓到完整圖片
✅成功抓到完整圖片
✅成功抓到完整圖片
✅成功抓到完整圖片
✅成功抓到完整圖片
✅成功抓到完整圖片
✅成功抓到完整圖片
✅成功抓到完整圖片
✅成功抓到完整圖片
✅成功抓到完整圖片
✅成功抓到完整圖片
✅成功抓到完整圖片
✅成功抓到完整圖片
✅成功抓到完整圖片
✅成功抓到完整圖片
✅成功抓到完整圖片
✅成功抓到完整圖片
✅成功抓到完整圖片
✅成功抓到完整圖片
✅成功抓到完整圖片
✅成功抓到完整圖片
✅成功抓到完整圖片
✅成功抓到完整圖片
✅成功抓到完整圖片
✅成功抓到完整圖片
✅成功抓到完整圖片
✅成功抓到完整圖片
✅成功抓到完整圖片
✅成功抓到完整圖片
✅成功抓到完整圖片
✅成功抓到完整圖片
✅成功抓到完整圖片
✅成功抓到完整圖片
✅成功抓到完整圖片
✅成功抓到完整圖片
✅成功抓到完整圖片
✅成功抓到完整圖片
✅成功抓到完整圖片
✅成功抓到完整圖片
✅成功抓到完整圖片
✅成功抓到完整圖片
✅成功抓到完整圖片
✅成功抓到完整圖片
✅成功抓到完整圖片
✅成功抓到完整圖片
✅成功抓到完整圖片
✅成功抓到完整圖片
✅成功抓到完整圖片
✅成功抓到完整圖片
✅成功抓到完整圖片
✅成功抓到完整圖片
✅成功抓到完整圖片
✅成功抓到完整圖片
✅成功抓到完整圖片
✅成功抓到完整圖片
✅成功抓到完整圖片
✅成功抓到完整圖片
✅成功抓到完整圖片
✅成功抓到完整圖片
✅成功抓到完整圖片
✅成功抓到完整圖片
✅成功抓到完整圖片
✅成功抓到完整圖片
✅成功抓到完整圖片
✅成功抓到完整圖片
✅成功抓到完整圖片
✅成功抓到完整圖片
✅成功抓到完整圖片
✅成功抓到完整圖片
✅成功抓到完整圖片
✅成功抓到完整圖片
✅成功抓到完整圖片
✅成功抓到完整圖片
✅成功抓到完整圖片
✅成功抓到完整圖片
✅成功抓到完整圖片
✅成功抓到完整圖片
✅成功抓到完整圖片
✅成功抓到完整圖片
✅成功抓到完整圖片
✅成功抓到完整圖片
✅成功抓到完整圖片
✅成功抓到完整圖片
✅成功抓到完整圖片
✅成功抓到完整圖片
✅成功抓到完整圖片
✅成功抓到完整圖片
✅成功抓到完整圖片
