title:  波浪薯條野餐盒
img:  https://www.tkkinc.com.tw/upload/food/ba85e5233bd2c4ba15d0b418f7dd8e541.png

title:  波浪薯條
img:  https://www.tkkinc.com.tw/upload/food/b6ef755fe9c02e4a28ba01f20488f8179.png

title:  呱呱啵啵球
img:  https://www.tkkinc.com.tw/upload/food/b452be5d54768c8ea0ba239c0413e1e9d.png

title:  呱呱雞排
img:  https://www.tkkinc.com.tw/upload/food/ba3fcea82f476c62073e10ef409274bf3.png

title:  呱呱雞柳條
img:  https://www.tkkinc.com.tw/upload/food/bc74d32a8958f0a60b62ad7afe9dced7b.png

title:  雞脖子
img:  https://www.tkkinc.com.tw/upload/food/b9b760188a42ca70c80cf3483c4fefc2c.png

title:  原味炸雞
img:  https://www.tkkinc.com.tw/upload/food/b65bc169fd3daa528a91b7ad218fd280b.png

title:  辣味炸雞
img:  https://www.tkkinc.com.tw/upload/food/bd7f6a94abd60dbff8dcb2b31a512cfea.png

title:  辣味雞翅
img:  https://www.tkkinc.com.tw/upload/food/b80c0610c0ea81ddd088e830a99e30bc4.png

title:  原味雞腿
img:  https://www.tkkinc.com.tw/upload/food/ba291e8c4b06a68b34cecd3ff8d9c6aa1.png

title:  呱呱包
img:  https://www.tkkinc.com.tw/upload/food/b00c104f2486e96fb0d99102d36a6d156.png

title:  辣味炸雞堡
img:  https://www.tkkinc.com.tw/upload/food/bd53bf78cc81197c340bc48725ea84032.png

title:  炸雞堡
img:  https://www.tkkinc.com.tw/upload/food/bd1b879aa6413f249f914b97942203c06.png

title:  一口翅
img:  https://www.tkkinc.com.tw/upload/food/b1f0c967d6a530784e891643bb8a20a78.png

title:  地瓜薯條
img:  https://www.tkkinc.com.tw/upload/food/b221cdf9971e5d65c5d430fea79999e2d.png

title:  阿勇雞塊
img:  https://www.tkkinc.com.tw/upload/food/bc8d069ff0c137ed2bb9c5465b482f111.png

title:  德式香腸捲
img:  https://www.tkkinc.com.tw/upload/food/bb28eed71774f5b2413ca9c6ba7757afd.png

title:  口袋Pizza
img:  https://www.tkkinc.com.tw/upload/food/b771c22ff2b60342c9405ce179b036083.png

title:  甜甜包
img:  https://www.tkkinc.com.tw/upload/food/babc4118af110dc995f88f801ca4b14df.png

title:  黃金雞塊
img:  https://www.tkkinc.com.tw/upload/food/b01bcc19a71388ee9c8e95b9a8440daab.png

title:  無敵烤腿(原味)
img:  https://www.tkkinc.com.tw/upload/food/b7a361e24fe77c2f6fe7800a8133d5379.png

title:  紅茶雪泥(M)
img:  https://www.tkkinc.com.tw/upload/food/b4cf9ff9a423b6edfd8b0ec87cb01ae90.png

title:  紅茶雪泥(L)
img:  https://www.tkkinc.com.tw/upload/food/bfd6739af7634f8068efe119b9be340eb.png

title:  可口可樂系列(L)
img:  https://www.tkkinc.com.tw/upload/food/bd800d779cde19cad9399e655a225cb90.png

title:  可口可樂系列(L)
img:  https://www.tkkinc.com.tw/upload/food/bd800d779cde19cad9399e655a225cb90.png

title:  熱紅茶
img:  https://www.tkkinc.com.tw/upload/food/b1430c8a3ec1a110c151a666dde86316d.png

title:  熱綠茶
img:  https://www.tkkinc.com.tw/upload/food/b587a6501a8d6e9c548940b9c32959b5f.png

title:  玉米濃湯
img:  https://www.tkkinc.com.tw/upload/food/bfe3b1c02169f80432eb4fa4475798978.png

title:  TKK雞湯
img:  https://www.tkkinc.com.tw/upload/food/b793a26295bcde06c633a83129844a667.png

title:  功夫綠茶(M)
img:  https://www.tkkinc.com.tw/upload/food/b4b731af53baf2bfd7aa5ad031488f3e9.png

title:  功夫綠茶(L)
img:  https://www.tkkinc.com.tw/upload/food/b0cabee30f80ed4bd9baabcd0ea86e65c.png

title:  功夫紅茶(M)
img:  https://www.tkkinc.com.tw/upload/food/bcd4a17c991b5a39fec0f950cba380ee4.png

title:  功夫紅茶(L)
img:  https://www.tkkinc.com.tw/upload/food/b492f22bdf701d3033193700bffcfed30.png

title:  功夫青茶(M)
img:  https://www.tkkinc.com.tw/upload/food/b52a0d51eb56f85e5cde98b6982d7718a.png

title:  功夫青茶(L)
img:  https://www.tkkinc.com.tw/upload/food/bf9b114656c30f3d4e82f2edc2e13b22b.png

title:  功夫蜜茶(M)
img:  https://www.tkkinc.com.tw/upload/food/b46304e879c3485f510bd014e51de0c92.png

title:  蜂蜜檸檬(M)
img:  https://www.tkkinc.com.tw/upload/food/b24ccc4076c680f317b9f60dc0495787c.png

title:  呱呱雞柳條餐
img:  https://www.tkkinc.com.tw/upload/food/b111dc9fdf5a77a131151f14fa2e1affa.png

title:  TKK雞肉堡餐
img:  https://www.tkkinc.com.tw/upload/food/b89cf480d3586cd49105956bac6eee373.png

title:  明星呱呱餐
img:  https://www.tkkinc.com.tw/upload/food/baf880cd6bb5862e49fff5b767da05730.png

title:  經典炸雞餐
img:  https://www.tkkinc.com.tw/upload/food/b236df29bcab8d0fc9734ba89d6f2cecf.png

title:  辣味炸雞餐
img:  https://www.tkkinc.com.tw/upload/food/b7cd45f9b60d35e6d8608abd260c3ddd9.png

title:  無敵烤腿餐
img:  https://www.tkkinc.com.tw/upload/food/b6aa3503163da74c9128281c236cce46d.png

title:  雞塊愛好者
img:  https://www.tkkinc.com.tw/upload/food/b674b27a74c5cfe3345f5210394a06493.png

title:  雙人分享餐
img:  https://www.tkkinc.com.tw/upload/food/b11483ed2a86554975f1ba78b3d536132.png

title:  家庭派對組合餐
img:  https://www.tkkinc.com.tw/upload/food/b8b3b816be56e16def0b8d1de99b6f0e5.png

title:  家庭派對組合餐
img:  https://www.tkkinc.com.tw/upload/food/ba66c853a2c43ee2f5e2b8eeb03944445.png

title:  家庭派對組合餐
img:  https://www.tkkinc.com.tw/upload/food/b3c3f5ca7625b382d227e9834b976d9a1.png

✅成功抓到完整圖片
✅成功抓到完整圖片
✅成功抓到完整圖片
✅成功抓到完整圖片
✅成功抓到完整圖片
✅成功抓到完整圖片
✅成功抓到完整圖片
✅成功抓到完整圖片
✅成功抓到完整圖片
✅成功抓到完整圖片
✅成功抓到完整圖片
✅成功抓到完整圖片
✅成功抓到完整圖片
✅成功抓到完整圖片
✅成功抓到完整圖片
✅成功抓到完整圖片
✅成功抓到完整圖片
✅成功抓到完整圖片
✅成功抓到完整圖片
✅成功抓到完整圖片
✅成功抓到完整圖片
✅成功抓到完整圖片
✅成功抓到完整圖片
✅成功抓到完整圖片
✅成功抓到完整圖片
✅成功抓到完整圖片
✅成功抓到完整圖片
✅成功抓到完整圖片
✅成功抓到完整圖片
✅成功抓到完整圖片
✅成功抓到完整圖片
✅成功抓到完整圖片
✅成功抓到完整圖片
✅成功抓到完整圖片
✅成功抓到完整圖片
✅成功抓到完整圖片
✅成功抓到完整圖片
✅成功抓到完整圖片
✅成功抓到完整圖片
✅成功抓到完整圖片
✅成功抓到完整圖片
✅成功抓到完整圖片
✅成功抓到完整圖片
✅成功抓到完整圖片
✅成功抓到完整圖片
✅成功抓到完整圖片
✅成功抓到完整圖片
✅成功抓到完整圖片
